<?xml version="1.0" encoding="UTF-8"?>
<testsuites name="New Test Suite1" time="32.288" tests="2" failures="0" errors="0">
   <testsuite name="New Test Suite1" tests="2" failures="0" errors="0" time="32.288" timestamp="2020-01-30 15:14:03" hostname="USER-PC$ - User-PC" id="Test Suites/New Test Suite1">
      <properties>
         <property name="deviceName" value=""/>
         <property name="devicePlatform" value=""/>
         <property name="logFolder" value="C:\\Users\\User\\Katalon Studio\\repo-2\\Reports\\20200130_151359\\New Test Suite1\\20200130_151359"/>
         <property name="logFiles" value="C:\\Users\\User\\Katalon Studio\\repo-2\\Reports\\20200130_151359\\New Test Suite1\\20200130_151359\\execution0.log"/>
         <property name="attachments" value=""/>
         <property name="hostName" value="USER-PC$ - User-PC"/>
         <property name="os" value="Windows 7 64bit"/>
         <property name="katalonVersion" value="7.2.1.1"/>
         <property name="browser" value="Chrome 79.0.3945.117"/>
         <property name="hostAddress" value="192.168.1.5"/>
         <property name="sessionId" value="6908fde5ad2f82d27cbfb2bfe8ed5555"/>
         <property name="seleniumVersion" value="3.141.59"/>
         <property name="proxyInformation" value="ProxyInformation{proxyOption=NO_PROXY, proxyServerType=HTTP, password=, proxyServerAddress=, proxyServerPort=0, executionList=}"/>
         <property name="platform" value="Windows 7"/>
      </properties>
      <testcase name="Test Cases/New Test Case2" time="31.345" classname="Test Cases/New Test Case2" status="PASSED">
         <system-out><![CDATA[2020-01-30 15:14:04 - [TEST_CASE][PASSED] - Test Cases/New Test Case2: Test Cases/New Test Case2

2020-01-30 15:14:04 - [TEST_STEP][PASSED] - openBrowser(""): Browser is opened with url: ''

2020-01-30 15:14:05 - [MESSAGE][INFO] - Starting 'Chrome' driver

2020-01-30 15:14:05 - [MESSAGE][INFO] - Action delay is set to 0 seconds

2020-01-30 15:14:16 - [MESSAGE][PASSED] - Browser is opened with url: ''

2020-01-30 15:14:16 - [TEST_STEP][PASSED] - navigateToUrl("https://rcdev.redcapcloud.com/"): Navigate to 'https://rcdev.redcapcloud.com/' successfully

2020-01-30 15:14:29 - [MESSAGE][PASSED] - Navigate to 'https://rcdev.redcapcloud.com/' successfully

2020-01-30 15:14:29 - [TEST_STEP][PASSED] - setText(findTestObject("Object Repository/Page_REDCap Cloud/input_DEMO_login_username"), "sindhuja@hudson.edu"): Text 'sindhuja@hudson.edu' is set on object 'Object Repository/Page_REDCap Cloud/input_DEMO_login_username'

2020-01-30 15:14:32 - [MESSAGE][PASSED] - Text 'sindhuja@hudson.edu' is set on object 'Object Repository/Page_REDCap Cloud/input_DEMO_login_username'

2020-01-30 15:14:32 - [TEST_STEP][PASSED] - click(findTestObject("Object Repository/Page_REDCap Cloud/span_Sign in")): Object: 'Object Repository/Page_REDCap Cloud/span_Sign in' is clicked on

2020-01-30 15:14:33 - [MESSAGE][PASSED] - Object: 'Object Repository/Page_REDCap Cloud/span_Sign in' is clicked on

2020-01-30 15:14:33 - [TEST_STEP][PASSED] - setEncryptedText(findTestObject("Object Repository/Page_REDCap Cloud/input_sindhujahudsonedu_login_password"), "bXLspohSZBY//OMeqnMAtw=="): Text ****** has been set on object 'Object Repository/Page_REDCap Cloud/input_sindhujahudsonedu_login_password'

2020-01-30 15:14:33 - [MESSAGE][PASSED] - Text ****** has been set on object 'Object Repository/Page_REDCap Cloud/input_sindhujahudsonedu_login_password'

2020-01-30 15:14:33 - [TEST_STEP][PASSED] - click(findTestObject("Object Repository/Page_REDCap Cloud/span_Sign in")): Object: 'Object Repository/Page_REDCap Cloud/span_Sign in' is clicked on

2020-01-30 15:14:34 - [MESSAGE][PASSED] - Object: 'Object Repository/Page_REDCap Cloud/span_Sign in' is clicked on

2020-01-30 15:14:34 - [TEST_STEP][PASSED] - closeBrowser(): Browser is closed

2020-01-30 15:14:35 - [MESSAGE][PASSED] - Browser is closed]]></system-out>
         <system-err><![CDATA[]]></system-err>
      </testcase>
      <testcase name="Test Cases/New Test Case1" time="0.257" classname="Test Cases/New Test Case1" status="PASSED">
         <system-out><![CDATA[2020-01-30 15:14:35 - [TEST_CASE][PASSED] - Test Cases/New Test Case1: Test Cases/New Test Case1

2020-01-30 15:14:35 - [TEST_STEP][PASSED] - return null: null]]></system-out>
         <system-err><![CDATA[]]></system-err>
      </testcase>
      <system-out><![CDATA[2020-01-30 15:14:03 - [TEST_SUITE][PASSED] - New Test Suite1: Test Cases/New Test Case1]]></system-out>
      <system-err><![CDATA[]]></system-err>
   </testsuite>
</testsuites>
